ARM GAS  /var/folders/y1/yp9xw0cj42x3k9rxz_j1k75w0000gn/T//ccgd8jZF.s 			page 1


   1              		.cpu cortex-m4
   2              		.eabi_attribute 27, 1
   3              		.eabi_attribute 28, 1
   4              		.eabi_attribute 20, 1
   5              		.eabi_attribute 21, 1
   6              		.eabi_attribute 23, 3
   7              		.eabi_attribute 24, 1
   8              		.eabi_attribute 25, 1
   9              		.eabi_attribute 26, 1
  10              		.eabi_attribute 30, 1
  11              		.eabi_attribute 34, 1
  12              		.eabi_attribute 18, 4
  13              		.file	"stm32f4xx_it.c"
  14              		.text
  15              	.Ltext0:
  16              		.cfi_sections	.debug_frame
  17              		.section	.text.NMI_Handler,"ax",%progbits
  18              		.align	1
  19              		.global	NMI_Handler
  20              		.arch armv7e-m
  21              		.syntax unified
  22              		.thumb
  23              		.thumb_func
  24              		.fpu fpv4-sp-d16
  26              	NMI_Handler:
  27              	.LFB131:
  28              		.file 1 "Src/stm32f4xx_it.c"
   1:Src/stm32f4xx_it.c **** /* USER CODE BEGIN Header */
   2:Src/stm32f4xx_it.c **** /**
   3:Src/stm32f4xx_it.c ****   ******************************************************************************
   4:Src/stm32f4xx_it.c ****   * @file    stm32f4xx_it.c
   5:Src/stm32f4xx_it.c ****   * @brief   Interrupt Service Routines.
   6:Src/stm32f4xx_it.c ****   ******************************************************************************
   7:Src/stm32f4xx_it.c ****   *
   8:Src/stm32f4xx_it.c ****   * COPYRIGHT(c) 2019 STMicroelectronics
   9:Src/stm32f4xx_it.c ****   *
  10:Src/stm32f4xx_it.c ****   * Redistribution and use in source and binary forms, with or without modification,
  11:Src/stm32f4xx_it.c ****   * are permitted provided that the following conditions are met:
  12:Src/stm32f4xx_it.c ****   *   1. Redistributions of source code must retain the above copyright notice,
  13:Src/stm32f4xx_it.c ****   *      this list of conditions and the following disclaimer.
  14:Src/stm32f4xx_it.c ****   *   2. Redistributions in binary form must reproduce the above copyright notice,
  15:Src/stm32f4xx_it.c ****   *      this list of conditions and the following disclaimer in the documentation
  16:Src/stm32f4xx_it.c ****   *      and/or other materials provided with the distribution.
  17:Src/stm32f4xx_it.c ****   *   3. Neither the name of STMicroelectronics nor the names of its contributors
  18:Src/stm32f4xx_it.c ****   *      may be used to endorse or promote products derived from this software
  19:Src/stm32f4xx_it.c ****   *      without specific prior written permission.
  20:Src/stm32f4xx_it.c ****   *
  21:Src/stm32f4xx_it.c ****   * THIS SOFTWARE IS PROVIDED BY THE COPYRIGHT HOLDERS AND CONTRIBUTORS "AS IS"
  22:Src/stm32f4xx_it.c ****   * AND ANY EXPRESS OR IMPLIED WARRANTIES, INCLUDING, BUT NOT LIMITED TO, THE
  23:Src/stm32f4xx_it.c ****   * IMPLIED WARRANTIES OF MERCHANTABILITY AND FITNESS FOR A PARTICULAR PURPOSE ARE
  24:Src/stm32f4xx_it.c ****   * DISCLAIMED. IN NO EVENT SHALL THE COPYRIGHT HOLDER OR CONTRIBUTORS BE LIABLE
  25:Src/stm32f4xx_it.c ****   * FOR ANY DIRECT, INDIRECT, INCIDENTAL, SPECIAL, EXEMPLARY, OR CONSEQUENTIAL
  26:Src/stm32f4xx_it.c ****   * DAMAGES (INCLUDING, BUT NOT LIMITED TO, PROCUREMENT OF SUBSTITUTE GOODS OR
  27:Src/stm32f4xx_it.c ****   * SERVICES; LOSS OF USE, DATA, OR PROFITS; OR BUSINESS INTERRUPTION) HOWEVER
  28:Src/stm32f4xx_it.c ****   * CAUSED AND ON ANY THEORY OF LIABILITY, WHETHER IN CONTRACT, STRICT LIABILITY,
  29:Src/stm32f4xx_it.c ****   * OR TORT (INCLUDING NEGLIGENCE OR OTHERWISE) ARISING IN ANY WAY OUT OF THE USE
  30:Src/stm32f4xx_it.c ****   * OF THIS SOFTWARE, EVEN IF ADVISED OF THE POSSIBILITY OF SUCH DAMAGE.
ARM GAS  /var/folders/y1/yp9xw0cj42x3k9rxz_j1k75w0000gn/T//ccgd8jZF.s 			page 2


  31:Src/stm32f4xx_it.c ****   *
  32:Src/stm32f4xx_it.c ****   ******************************************************************************
  33:Src/stm32f4xx_it.c ****   */
  34:Src/stm32f4xx_it.c **** /* USER CODE END Header */
  35:Src/stm32f4xx_it.c **** 
  36:Src/stm32f4xx_it.c **** /* Includes ------------------------------------------------------------------*/
  37:Src/stm32f4xx_it.c **** #include "main.h"
  38:Src/stm32f4xx_it.c **** #include "stm32f4xx_it.h"
  39:Src/stm32f4xx_it.c **** #include "cmsis_os.h"
  40:Src/stm32f4xx_it.c **** /* Private includes ----------------------------------------------------------*/
  41:Src/stm32f4xx_it.c **** /* USER CODE BEGIN Includes */
  42:Src/stm32f4xx_it.c **** /* USER CODE END Includes */
  43:Src/stm32f4xx_it.c **** 
  44:Src/stm32f4xx_it.c **** /* Private typedef -----------------------------------------------------------*/
  45:Src/stm32f4xx_it.c **** /* USER CODE BEGIN TD */
  46:Src/stm32f4xx_it.c **** 
  47:Src/stm32f4xx_it.c **** /* USER CODE END TD */
  48:Src/stm32f4xx_it.c **** 
  49:Src/stm32f4xx_it.c **** /* Private define ------------------------------------------------------------*/
  50:Src/stm32f4xx_it.c **** /* USER CODE BEGIN PD */
  51:Src/stm32f4xx_it.c ****  
  52:Src/stm32f4xx_it.c **** /* USER CODE END PD */
  53:Src/stm32f4xx_it.c **** 
  54:Src/stm32f4xx_it.c **** /* Private macro -------------------------------------------------------------*/
  55:Src/stm32f4xx_it.c **** /* USER CODE BEGIN PM */
  56:Src/stm32f4xx_it.c **** 
  57:Src/stm32f4xx_it.c **** /* USER CODE END PM */
  58:Src/stm32f4xx_it.c **** 
  59:Src/stm32f4xx_it.c **** /* Private variables ---------------------------------------------------------*/
  60:Src/stm32f4xx_it.c **** /* USER CODE BEGIN PV */
  61:Src/stm32f4xx_it.c **** 
  62:Src/stm32f4xx_it.c **** /* USER CODE END PV */
  63:Src/stm32f4xx_it.c **** 
  64:Src/stm32f4xx_it.c **** /* Private function prototypes -----------------------------------------------*/
  65:Src/stm32f4xx_it.c **** /* USER CODE BEGIN PFP */
  66:Src/stm32f4xx_it.c **** 
  67:Src/stm32f4xx_it.c **** /* USER CODE END PFP */
  68:Src/stm32f4xx_it.c **** 
  69:Src/stm32f4xx_it.c **** /* Private user code ---------------------------------------------------------*/
  70:Src/stm32f4xx_it.c **** /* USER CODE BEGIN 0 */
  71:Src/stm32f4xx_it.c **** 
  72:Src/stm32f4xx_it.c **** /* USER CODE END 0 */
  73:Src/stm32f4xx_it.c **** 
  74:Src/stm32f4xx_it.c **** /* External variables --------------------------------------------------------*/
  75:Src/stm32f4xx_it.c **** extern UART_HandleTypeDef huart2;
  76:Src/stm32f4xx_it.c **** extern UART_HandleTypeDef huart3;
  77:Src/stm32f4xx_it.c **** extern TIM_HandleTypeDef htim14;
  78:Src/stm32f4xx_it.c **** 
  79:Src/stm32f4xx_it.c **** /* USER CODE BEGIN EV */
  80:Src/stm32f4xx_it.c **** 
  81:Src/stm32f4xx_it.c **** /* USER CODE END EV */
  82:Src/stm32f4xx_it.c **** 
  83:Src/stm32f4xx_it.c **** /******************************************************************************/
  84:Src/stm32f4xx_it.c **** /*           Cortex-M4 Processor Interruption and Exception Handlers          */ 
  85:Src/stm32f4xx_it.c **** /******************************************************************************/
  86:Src/stm32f4xx_it.c **** /**
  87:Src/stm32f4xx_it.c ****   * @brief This function handles Non maskable interrupt.
ARM GAS  /var/folders/y1/yp9xw0cj42x3k9rxz_j1k75w0000gn/T//ccgd8jZF.s 			page 3


  88:Src/stm32f4xx_it.c ****   */
  89:Src/stm32f4xx_it.c **** void NMI_Handler(void)
  90:Src/stm32f4xx_it.c **** {
  29              		.loc 1 90 1 view -0
  30              		.cfi_startproc
  31              		@ args = 0, pretend = 0, frame = 0
  32              		@ frame_needed = 0, uses_anonymous_args = 0
  33              		@ link register save eliminated.
  91:Src/stm32f4xx_it.c ****   /* USER CODE BEGIN NonMaskableInt_IRQn 0 */
  92:Src/stm32f4xx_it.c **** 
  93:Src/stm32f4xx_it.c ****   /* USER CODE END NonMaskableInt_IRQn 0 */
  94:Src/stm32f4xx_it.c ****   /* USER CODE BEGIN NonMaskableInt_IRQn 1 */
  95:Src/stm32f4xx_it.c **** 
  96:Src/stm32f4xx_it.c ****   /* USER CODE END NonMaskableInt_IRQn 1 */
  97:Src/stm32f4xx_it.c **** }
  34              		.loc 1 97 1 view .LVU1
  35 0000 7047     		bx	lr
  36              		.cfi_endproc
  37              	.LFE131:
  39              		.section	.text.HardFault_Handler,"ax",%progbits
  40              		.align	1
  41              		.global	HardFault_Handler
  42              		.syntax unified
  43              		.thumb
  44              		.thumb_func
  45              		.fpu fpv4-sp-d16
  47              	HardFault_Handler:
  48              	.LFB132:
  98:Src/stm32f4xx_it.c **** 
  99:Src/stm32f4xx_it.c **** /**
 100:Src/stm32f4xx_it.c ****   * @brief This function handles Hard fault interrupt.
 101:Src/stm32f4xx_it.c ****   */
 102:Src/stm32f4xx_it.c **** void HardFault_Handler(void)
 103:Src/stm32f4xx_it.c **** {
  49              		.loc 1 103 1 view -0
  50              		.cfi_startproc
  51              		@ Volatile: function does not return.
  52              		@ args = 0, pretend = 0, frame = 0
  53              		@ frame_needed = 0, uses_anonymous_args = 0
  54              		@ link register save eliminated.
  55              	.L3:
 104:Src/stm32f4xx_it.c ****   /* USER CODE BEGIN HardFault_IRQn 0 */
 105:Src/stm32f4xx_it.c **** 
 106:Src/stm32f4xx_it.c ****   /* USER CODE END HardFault_IRQn 0 */
 107:Src/stm32f4xx_it.c ****   while (1)
  56              		.loc 1 107 3 discriminator 1 view .LVU3
 108:Src/stm32f4xx_it.c ****   {
 109:Src/stm32f4xx_it.c ****     /* USER CODE BEGIN W1_HardFault_IRQn 0 */
 110:Src/stm32f4xx_it.c ****     /* USER CODE END W1_HardFault_IRQn 0 */
 111:Src/stm32f4xx_it.c ****   }
  57              		.loc 1 111 3 discriminator 1 view .LVU4
  58 0000 FEE7     		b	.L3
  59              		.cfi_endproc
  60              	.LFE132:
  62              		.section	.text.MemManage_Handler,"ax",%progbits
  63              		.align	1
  64              		.global	MemManage_Handler
ARM GAS  /var/folders/y1/yp9xw0cj42x3k9rxz_j1k75w0000gn/T//ccgd8jZF.s 			page 4


  65              		.syntax unified
  66              		.thumb
  67              		.thumb_func
  68              		.fpu fpv4-sp-d16
  70              	MemManage_Handler:
  71              	.LFB133:
 112:Src/stm32f4xx_it.c **** }
 113:Src/stm32f4xx_it.c **** 
 114:Src/stm32f4xx_it.c **** /**
 115:Src/stm32f4xx_it.c ****   * @brief This function handles Memory management fault.
 116:Src/stm32f4xx_it.c ****   */
 117:Src/stm32f4xx_it.c **** void MemManage_Handler(void)
 118:Src/stm32f4xx_it.c **** {
  72              		.loc 1 118 1 view -0
  73              		.cfi_startproc
  74              		@ Volatile: function does not return.
  75              		@ args = 0, pretend = 0, frame = 0
  76              		@ frame_needed = 0, uses_anonymous_args = 0
  77              		@ link register save eliminated.
  78              	.L5:
 119:Src/stm32f4xx_it.c ****   /* USER CODE BEGIN MemoryManagement_IRQn 0 */
 120:Src/stm32f4xx_it.c **** 
 121:Src/stm32f4xx_it.c ****   /* USER CODE END MemoryManagement_IRQn 0 */
 122:Src/stm32f4xx_it.c ****   while (1)
  79              		.loc 1 122 3 discriminator 1 view .LVU6
 123:Src/stm32f4xx_it.c ****   {
 124:Src/stm32f4xx_it.c ****     /* USER CODE BEGIN W1_MemoryManagement_IRQn 0 */
 125:Src/stm32f4xx_it.c ****     /* USER CODE END W1_MemoryManagement_IRQn 0 */
 126:Src/stm32f4xx_it.c ****   }
  80              		.loc 1 126 3 discriminator 1 view .LVU7
  81 0000 FEE7     		b	.L5
  82              		.cfi_endproc
  83              	.LFE133:
  85              		.section	.text.BusFault_Handler,"ax",%progbits
  86              		.align	1
  87              		.global	BusFault_Handler
  88              		.syntax unified
  89              		.thumb
  90              		.thumb_func
  91              		.fpu fpv4-sp-d16
  93              	BusFault_Handler:
  94              	.LFB134:
 127:Src/stm32f4xx_it.c **** }
 128:Src/stm32f4xx_it.c **** 
 129:Src/stm32f4xx_it.c **** /**
 130:Src/stm32f4xx_it.c ****   * @brief This function handles Pre-fetch fault, memory access fault.
 131:Src/stm32f4xx_it.c ****   */
 132:Src/stm32f4xx_it.c **** void BusFault_Handler(void)
 133:Src/stm32f4xx_it.c **** {
  95              		.loc 1 133 1 view -0
  96              		.cfi_startproc
  97              		@ Volatile: function does not return.
  98              		@ args = 0, pretend = 0, frame = 0
  99              		@ frame_needed = 0, uses_anonymous_args = 0
 100              		@ link register save eliminated.
 101              	.L7:
 134:Src/stm32f4xx_it.c ****   /* USER CODE BEGIN BusFault_IRQn 0 */
ARM GAS  /var/folders/y1/yp9xw0cj42x3k9rxz_j1k75w0000gn/T//ccgd8jZF.s 			page 5


 135:Src/stm32f4xx_it.c **** 
 136:Src/stm32f4xx_it.c ****   /* USER CODE END BusFault_IRQn 0 */
 137:Src/stm32f4xx_it.c ****   while (1)
 102              		.loc 1 137 3 discriminator 1 view .LVU9
 138:Src/stm32f4xx_it.c ****   {
 139:Src/stm32f4xx_it.c ****     /* USER CODE BEGIN W1_BusFault_IRQn 0 */
 140:Src/stm32f4xx_it.c ****     /* USER CODE END W1_BusFault_IRQn 0 */
 141:Src/stm32f4xx_it.c ****   }
 103              		.loc 1 141 3 discriminator 1 view .LVU10
 104 0000 FEE7     		b	.L7
 105              		.cfi_endproc
 106              	.LFE134:
 108              		.section	.text.UsageFault_Handler,"ax",%progbits
 109              		.align	1
 110              		.global	UsageFault_Handler
 111              		.syntax unified
 112              		.thumb
 113              		.thumb_func
 114              		.fpu fpv4-sp-d16
 116              	UsageFault_Handler:
 117              	.LFB135:
 142:Src/stm32f4xx_it.c **** }
 143:Src/stm32f4xx_it.c **** 
 144:Src/stm32f4xx_it.c **** /**
 145:Src/stm32f4xx_it.c ****   * @brief This function handles Undefined instruction or illegal state.
 146:Src/stm32f4xx_it.c ****   */
 147:Src/stm32f4xx_it.c **** void UsageFault_Handler(void)
 148:Src/stm32f4xx_it.c **** {
 118              		.loc 1 148 1 view -0
 119              		.cfi_startproc
 120              		@ Volatile: function does not return.
 121              		@ args = 0, pretend = 0, frame = 0
 122              		@ frame_needed = 0, uses_anonymous_args = 0
 123              		@ link register save eliminated.
 124              	.L9:
 149:Src/stm32f4xx_it.c ****   /* USER CODE BEGIN UsageFault_IRQn 0 */
 150:Src/stm32f4xx_it.c **** 
 151:Src/stm32f4xx_it.c ****   /* USER CODE END UsageFault_IRQn 0 */
 152:Src/stm32f4xx_it.c ****   while (1)
 125              		.loc 1 152 3 discriminator 1 view .LVU12
 153:Src/stm32f4xx_it.c ****   {
 154:Src/stm32f4xx_it.c ****     /* USER CODE BEGIN W1_UsageFault_IRQn 0 */
 155:Src/stm32f4xx_it.c ****     /* USER CODE END W1_UsageFault_IRQn 0 */
 156:Src/stm32f4xx_it.c ****   }
 126              		.loc 1 156 3 discriminator 1 view .LVU13
 127 0000 FEE7     		b	.L9
 128              		.cfi_endproc
 129              	.LFE135:
 131              		.section	.text.DebugMon_Handler,"ax",%progbits
 132              		.align	1
 133              		.global	DebugMon_Handler
 134              		.syntax unified
 135              		.thumb
 136              		.thumb_func
 137              		.fpu fpv4-sp-d16
 139              	DebugMon_Handler:
 140              	.LFB136:
ARM GAS  /var/folders/y1/yp9xw0cj42x3k9rxz_j1k75w0000gn/T//ccgd8jZF.s 			page 6


 157:Src/stm32f4xx_it.c **** }
 158:Src/stm32f4xx_it.c **** 
 159:Src/stm32f4xx_it.c **** /**
 160:Src/stm32f4xx_it.c ****   * @brief This function handles Debug monitor.
 161:Src/stm32f4xx_it.c ****   */
 162:Src/stm32f4xx_it.c **** void DebugMon_Handler(void)
 163:Src/stm32f4xx_it.c **** {
 141              		.loc 1 163 1 view -0
 142              		.cfi_startproc
 143              		@ args = 0, pretend = 0, frame = 0
 144              		@ frame_needed = 0, uses_anonymous_args = 0
 145              		@ link register save eliminated.
 164:Src/stm32f4xx_it.c ****   /* USER CODE BEGIN DebugMonitor_IRQn 0 */
 165:Src/stm32f4xx_it.c **** 
 166:Src/stm32f4xx_it.c ****   /* USER CODE END DebugMonitor_IRQn 0 */
 167:Src/stm32f4xx_it.c ****   /* USER CODE BEGIN DebugMonitor_IRQn 1 */
 168:Src/stm32f4xx_it.c **** 
 169:Src/stm32f4xx_it.c ****   /* USER CODE END DebugMonitor_IRQn 1 */
 170:Src/stm32f4xx_it.c **** }
 146              		.loc 1 170 1 view .LVU15
 147 0000 7047     		bx	lr
 148              		.cfi_endproc
 149              	.LFE136:
 151              		.section	.text.EXTI0_IRQHandler,"ax",%progbits
 152              		.align	1
 153              		.global	EXTI0_IRQHandler
 154              		.syntax unified
 155              		.thumb
 156              		.thumb_func
 157              		.fpu fpv4-sp-d16
 159              	EXTI0_IRQHandler:
 160              	.LFB137:
 171:Src/stm32f4xx_it.c **** 
 172:Src/stm32f4xx_it.c **** /******************************************************************************/
 173:Src/stm32f4xx_it.c **** /* STM32F4xx Peripheral Interrupt Handlers                                    */
 174:Src/stm32f4xx_it.c **** /* Add here the Interrupt Handlers for the used peripherals.                  */
 175:Src/stm32f4xx_it.c **** /* For the available peripheral interrupt handler names,                      */
 176:Src/stm32f4xx_it.c **** /* please refer to the startup file (startup_stm32f4xx.s).                    */
 177:Src/stm32f4xx_it.c **** /******************************************************************************/
 178:Src/stm32f4xx_it.c **** 
 179:Src/stm32f4xx_it.c **** /**
 180:Src/stm32f4xx_it.c ****   * @brief This function handles EXTI line0 interrupt.
 181:Src/stm32f4xx_it.c ****   */
 182:Src/stm32f4xx_it.c **** void EXTI0_IRQHandler(void)
 183:Src/stm32f4xx_it.c **** {
 161              		.loc 1 183 1 view -0
 162              		.cfi_startproc
 163              		@ args = 0, pretend = 0, frame = 0
 164              		@ frame_needed = 0, uses_anonymous_args = 0
 165 0000 08B5     		push	{r3, lr}
 166              	.LCFI0:
 167              		.cfi_def_cfa_offset 8
 168              		.cfi_offset 3, -8
 169              		.cfi_offset 14, -4
 184:Src/stm32f4xx_it.c ****   /* USER CODE BEGIN EXTI0_IRQn 0 */
 185:Src/stm32f4xx_it.c **** 
 186:Src/stm32f4xx_it.c ****   /* USER CODE END EXTI0_IRQn 0 */
ARM GAS  /var/folders/y1/yp9xw0cj42x3k9rxz_j1k75w0000gn/T//ccgd8jZF.s 			page 7


 187:Src/stm32f4xx_it.c ****   HAL_GPIO_EXTI_IRQHandler(GPIO_PIN_0);
 170              		.loc 1 187 3 view .LVU17
 171 0002 0120     		movs	r0, #1
 172 0004 FFF7FEFF 		bl	HAL_GPIO_EXTI_IRQHandler
 173              	.LVL0:
 188:Src/stm32f4xx_it.c ****   /* USER CODE BEGIN EXTI0_IRQn 1 */
 189:Src/stm32f4xx_it.c **** 
 190:Src/stm32f4xx_it.c ****   /* USER CODE END EXTI0_IRQn 1 */
 191:Src/stm32f4xx_it.c **** }
 174              		.loc 1 191 1 is_stmt 0 view .LVU18
 175 0008 08BD     		pop	{r3, pc}
 176              		.cfi_endproc
 177              	.LFE137:
 179              		.section	.text.USART2_IRQHandler,"ax",%progbits
 180              		.align	1
 181              		.global	USART2_IRQHandler
 182              		.syntax unified
 183              		.thumb
 184              		.thumb_func
 185              		.fpu fpv4-sp-d16
 187              	USART2_IRQHandler:
 188              	.LFB138:
 192:Src/stm32f4xx_it.c **** 
 193:Src/stm32f4xx_it.c **** /**
 194:Src/stm32f4xx_it.c ****   * @brief This function handles USART2 global interrupt.
 195:Src/stm32f4xx_it.c ****   */
 196:Src/stm32f4xx_it.c **** void USART2_IRQHandler(void)
 197:Src/stm32f4xx_it.c **** {
 189              		.loc 1 197 1 is_stmt 1 view -0
 190              		.cfi_startproc
 191              		@ args = 0, pretend = 0, frame = 0
 192              		@ frame_needed = 0, uses_anonymous_args = 0
 193 0000 08B5     		push	{r3, lr}
 194              	.LCFI1:
 195              		.cfi_def_cfa_offset 8
 196              		.cfi_offset 3, -8
 197              		.cfi_offset 14, -4
 198:Src/stm32f4xx_it.c ****   /* USER CODE BEGIN USART2_IRQn 0 */
 199:Src/stm32f4xx_it.c **** 
 200:Src/stm32f4xx_it.c ****   /* USER CODE END USART2_IRQn 0 */
 201:Src/stm32f4xx_it.c ****   HAL_UART_IRQHandler(&huart2);
 198              		.loc 1 201 3 view .LVU20
 199 0002 0248     		ldr	r0, .L15
 200 0004 FFF7FEFF 		bl	HAL_UART_IRQHandler
 201              	.LVL1:
 202:Src/stm32f4xx_it.c ****   /* USER CODE BEGIN USART2_IRQn 1 */
 203:Src/stm32f4xx_it.c **** 
 204:Src/stm32f4xx_it.c ****   /* USER CODE END USART2_IRQn 1 */
 205:Src/stm32f4xx_it.c **** }
 202              		.loc 1 205 1 is_stmt 0 view .LVU21
 203 0008 08BD     		pop	{r3, pc}
 204              	.L16:
 205 000a 00BF     		.align	2
 206              	.L15:
 207 000c 00000000 		.word	huart2
 208              		.cfi_endproc
 209              	.LFE138:
ARM GAS  /var/folders/y1/yp9xw0cj42x3k9rxz_j1k75w0000gn/T//ccgd8jZF.s 			page 8


 211              		.section	.text.USART3_IRQHandler,"ax",%progbits
 212              		.align	1
 213              		.global	USART3_IRQHandler
 214              		.syntax unified
 215              		.thumb
 216              		.thumb_func
 217              		.fpu fpv4-sp-d16
 219              	USART3_IRQHandler:
 220              	.LFB139:
 206:Src/stm32f4xx_it.c **** 
 207:Src/stm32f4xx_it.c **** /**
 208:Src/stm32f4xx_it.c ****   * @brief This function handles USART3 global interrupt.
 209:Src/stm32f4xx_it.c ****   */
 210:Src/stm32f4xx_it.c **** void USART3_IRQHandler(void)
 211:Src/stm32f4xx_it.c **** {
 221              		.loc 1 211 1 is_stmt 1 view -0
 222              		.cfi_startproc
 223              		@ args = 0, pretend = 0, frame = 0
 224              		@ frame_needed = 0, uses_anonymous_args = 0
 225 0000 08B5     		push	{r3, lr}
 226              	.LCFI2:
 227              		.cfi_def_cfa_offset 8
 228              		.cfi_offset 3, -8
 229              		.cfi_offset 14, -4
 212:Src/stm32f4xx_it.c ****   /* USER CODE BEGIN USART3_IRQn 0 */
 213:Src/stm32f4xx_it.c **** 
 214:Src/stm32f4xx_it.c ****   /* USER CODE END USART3_IRQn 0 */
 215:Src/stm32f4xx_it.c ****   HAL_UART_IRQHandler(&huart3);
 230              		.loc 1 215 3 view .LVU23
 231 0002 0248     		ldr	r0, .L19
 232 0004 FFF7FEFF 		bl	HAL_UART_IRQHandler
 233              	.LVL2:
 216:Src/stm32f4xx_it.c ****   /* USER CODE BEGIN USART3_IRQn 1 */
 217:Src/stm32f4xx_it.c **** 
 218:Src/stm32f4xx_it.c ****   /* USER CODE END USART3_IRQn 1 */
 219:Src/stm32f4xx_it.c **** }
 234              		.loc 1 219 1 is_stmt 0 view .LVU24
 235 0008 08BD     		pop	{r3, pc}
 236              	.L20:
 237 000a 00BF     		.align	2
 238              	.L19:
 239 000c 00000000 		.word	huart3
 240              		.cfi_endproc
 241              	.LFE139:
 243              		.section	.text.TIM8_TRG_COM_TIM14_IRQHandler,"ax",%progbits
 244              		.align	1
 245              		.global	TIM8_TRG_COM_TIM14_IRQHandler
 246              		.syntax unified
 247              		.thumb
 248              		.thumb_func
 249              		.fpu fpv4-sp-d16
 251              	TIM8_TRG_COM_TIM14_IRQHandler:
 252              	.LFB140:
 220:Src/stm32f4xx_it.c **** 
 221:Src/stm32f4xx_it.c **** /**
 222:Src/stm32f4xx_it.c ****   * @brief This function handles TIM8 trigger and commutation interrupts and TIM14 global interrupt
 223:Src/stm32f4xx_it.c ****   */
ARM GAS  /var/folders/y1/yp9xw0cj42x3k9rxz_j1k75w0000gn/T//ccgd8jZF.s 			page 9


 224:Src/stm32f4xx_it.c **** void TIM8_TRG_COM_TIM14_IRQHandler(void)
 225:Src/stm32f4xx_it.c **** {
 253              		.loc 1 225 1 is_stmt 1 view -0
 254              		.cfi_startproc
 255              		@ args = 0, pretend = 0, frame = 0
 256              		@ frame_needed = 0, uses_anonymous_args = 0
 257 0000 08B5     		push	{r3, lr}
 258              	.LCFI3:
 259              		.cfi_def_cfa_offset 8
 260              		.cfi_offset 3, -8
 261              		.cfi_offset 14, -4
 226:Src/stm32f4xx_it.c ****   /* USER CODE BEGIN TIM8_TRG_COM_TIM14_IRQn 0 */
 227:Src/stm32f4xx_it.c **** 
 228:Src/stm32f4xx_it.c ****   /* USER CODE END TIM8_TRG_COM_TIM14_IRQn 0 */
 229:Src/stm32f4xx_it.c ****   HAL_TIM_IRQHandler(&htim14);
 262              		.loc 1 229 3 view .LVU26
 263 0002 0248     		ldr	r0, .L23
 264 0004 FFF7FEFF 		bl	HAL_TIM_IRQHandler
 265              	.LVL3:
 230:Src/stm32f4xx_it.c ****   /* USER CODE BEGIN TIM8_TRG_COM_TIM14_IRQn 1 */
 231:Src/stm32f4xx_it.c **** 
 232:Src/stm32f4xx_it.c ****   /* USER CODE END TIM8_TRG_COM_TIM14_IRQn 1 */
 233:Src/stm32f4xx_it.c **** }
 266              		.loc 1 233 1 is_stmt 0 view .LVU27
 267 0008 08BD     		pop	{r3, pc}
 268              	.L24:
 269 000a 00BF     		.align	2
 270              	.L23:
 271 000c 00000000 		.word	htim14
 272              		.cfi_endproc
 273              	.LFE140:
 275              		.text
 276              	.Letext0:
 277              		.file 2 "/usr/local/Cellar/arm-gcc-bin/8-2018-q4-major/arm-none-eabi/include/machine/_default_type
 278              		.file 3 "/usr/local/Cellar/arm-gcc-bin/8-2018-q4-major/arm-none-eabi/include/sys/_stdint.h"
 279              		.file 4 "Drivers/CMSIS/Include/core_cm4.h"
 280              		.file 5 "Drivers/CMSIS/Device/ST/STM32F4xx/Include/system_stm32f4xx.h"
 281              		.file 6 "Drivers/CMSIS/Device/ST/STM32F4xx/Include/stm32f407xx.h"
 282              		.file 7 "/usr/local/Cellar/arm-gcc-bin/8-2018-q4-major/arm-none-eabi/include/sys/lock.h"
 283              		.file 8 "/usr/local/Cellar/arm-gcc-bin/8-2018-q4-major/arm-none-eabi/include/sys/_types.h"
 284              		.file 9 "/usr/local/Cellar/arm-gcc-bin/8-2018-q4-major/lib/gcc/arm-none-eabi/8.2.1/include/stddef.
 285              		.file 10 "/usr/local/Cellar/arm-gcc-bin/8-2018-q4-major/arm-none-eabi/include/sys/reent.h"
 286              		.file 11 "Drivers/STM32F4xx_HAL_Driver/Inc/stm32f4xx_hal_def.h"
 287              		.file 12 "Drivers/STM32F4xx_HAL_Driver/Inc/stm32f4xx_hal_dma.h"
 288              		.file 13 "Drivers/STM32F4xx_HAL_Driver/Inc/stm32f4xx_hal_tim.h"
 289              		.file 14 "Drivers/STM32F4xx_HAL_Driver/Inc/stm32f4xx_hal_uart.h"
 290              		.file 15 "Drivers/STM32F4xx_HAL_Driver/Inc/stm32f4xx_hal_gpio.h"
ARM GAS  /var/folders/y1/yp9xw0cj42x3k9rxz_j1k75w0000gn/T//ccgd8jZF.s 			page 10


DEFINED SYMBOLS
                            *ABS*:0000000000000000 stm32f4xx_it.c
/var/folders/y1/yp9xw0cj42x3k9rxz_j1k75w0000gn/T//ccgd8jZF.s:18     .text.NMI_Handler:0000000000000000 $t
/var/folders/y1/yp9xw0cj42x3k9rxz_j1k75w0000gn/T//ccgd8jZF.s:26     .text.NMI_Handler:0000000000000000 NMI_Handler
/var/folders/y1/yp9xw0cj42x3k9rxz_j1k75w0000gn/T//ccgd8jZF.s:40     .text.HardFault_Handler:0000000000000000 $t
/var/folders/y1/yp9xw0cj42x3k9rxz_j1k75w0000gn/T//ccgd8jZF.s:47     .text.HardFault_Handler:0000000000000000 HardFault_Handler
/var/folders/y1/yp9xw0cj42x3k9rxz_j1k75w0000gn/T//ccgd8jZF.s:63     .text.MemManage_Handler:0000000000000000 $t
/var/folders/y1/yp9xw0cj42x3k9rxz_j1k75w0000gn/T//ccgd8jZF.s:70     .text.MemManage_Handler:0000000000000000 MemManage_Handler
/var/folders/y1/yp9xw0cj42x3k9rxz_j1k75w0000gn/T//ccgd8jZF.s:86     .text.BusFault_Handler:0000000000000000 $t
/var/folders/y1/yp9xw0cj42x3k9rxz_j1k75w0000gn/T//ccgd8jZF.s:93     .text.BusFault_Handler:0000000000000000 BusFault_Handler
/var/folders/y1/yp9xw0cj42x3k9rxz_j1k75w0000gn/T//ccgd8jZF.s:109    .text.UsageFault_Handler:0000000000000000 $t
/var/folders/y1/yp9xw0cj42x3k9rxz_j1k75w0000gn/T//ccgd8jZF.s:116    .text.UsageFault_Handler:0000000000000000 UsageFault_Handler
/var/folders/y1/yp9xw0cj42x3k9rxz_j1k75w0000gn/T//ccgd8jZF.s:132    .text.DebugMon_Handler:0000000000000000 $t
/var/folders/y1/yp9xw0cj42x3k9rxz_j1k75w0000gn/T//ccgd8jZF.s:139    .text.DebugMon_Handler:0000000000000000 DebugMon_Handler
/var/folders/y1/yp9xw0cj42x3k9rxz_j1k75w0000gn/T//ccgd8jZF.s:152    .text.EXTI0_IRQHandler:0000000000000000 $t
/var/folders/y1/yp9xw0cj42x3k9rxz_j1k75w0000gn/T//ccgd8jZF.s:159    .text.EXTI0_IRQHandler:0000000000000000 EXTI0_IRQHandler
/var/folders/y1/yp9xw0cj42x3k9rxz_j1k75w0000gn/T//ccgd8jZF.s:180    .text.USART2_IRQHandler:0000000000000000 $t
/var/folders/y1/yp9xw0cj42x3k9rxz_j1k75w0000gn/T//ccgd8jZF.s:187    .text.USART2_IRQHandler:0000000000000000 USART2_IRQHandler
/var/folders/y1/yp9xw0cj42x3k9rxz_j1k75w0000gn/T//ccgd8jZF.s:207    .text.USART2_IRQHandler:000000000000000c $d
/var/folders/y1/yp9xw0cj42x3k9rxz_j1k75w0000gn/T//ccgd8jZF.s:212    .text.USART3_IRQHandler:0000000000000000 $t
/var/folders/y1/yp9xw0cj42x3k9rxz_j1k75w0000gn/T//ccgd8jZF.s:219    .text.USART3_IRQHandler:0000000000000000 USART3_IRQHandler
/var/folders/y1/yp9xw0cj42x3k9rxz_j1k75w0000gn/T//ccgd8jZF.s:239    .text.USART3_IRQHandler:000000000000000c $d
/var/folders/y1/yp9xw0cj42x3k9rxz_j1k75w0000gn/T//ccgd8jZF.s:244    .text.TIM8_TRG_COM_TIM14_IRQHandler:0000000000000000 $t
/var/folders/y1/yp9xw0cj42x3k9rxz_j1k75w0000gn/T//ccgd8jZF.s:251    .text.TIM8_TRG_COM_TIM14_IRQHandler:0000000000000000 TIM8_TRG_COM_TIM14_IRQHandler
/var/folders/y1/yp9xw0cj42x3k9rxz_j1k75w0000gn/T//ccgd8jZF.s:271    .text.TIM8_TRG_COM_TIM14_IRQHandler:000000000000000c $d

UNDEFINED SYMBOLS
HAL_GPIO_EXTI_IRQHandler
HAL_UART_IRQHandler
huart2
huart3
HAL_TIM_IRQHandler
htim14
