ARM GAS  /var/folders/y1/yp9xw0cj42x3k9rxz_j1k75w0000gn/T//cch9ZN48.s 			page 1


   1              		.cpu cortex-m4
   2              		.eabi_attribute 27, 1
   3              		.eabi_attribute 28, 1
   4              		.eabi_attribute 20, 1
   5              		.eabi_attribute 21, 1
   6              		.eabi_attribute 23, 3
   7              		.eabi_attribute 24, 1
   8              		.eabi_attribute 25, 1
   9              		.eabi_attribute 26, 1
  10              		.eabi_attribute 30, 1
  11              		.eabi_attribute 34, 1
  12              		.eabi_attribute 18, 4
  13              		.file	"stm32f4xx_hal_timebase_tim.c"
  14              		.text
  15              	.Ltext0:
  16              		.cfi_sections	.debug_frame
  17              		.section	.text.HAL_InitTick,"ax",%progbits
  18              		.align	1
  19              		.global	HAL_InitTick
  20              		.arch armv7e-m
  21              		.syntax unified
  22              		.thumb
  23              		.thumb_func
  24              		.fpu fpv4-sp-d16
  26              	HAL_InitTick:
  27              	.LVL0:
  28              	.LFB126:
  29              		.file 1 "Src/stm32f4xx_hal_timebase_tim.c"
   1:Src/stm32f4xx_hal_timebase_tim.c **** /* USER CODE BEGIN Header */
   2:Src/stm32f4xx_hal_timebase_tim.c **** /**
   3:Src/stm32f4xx_hal_timebase_tim.c ****   ******************************************************************************
   4:Src/stm32f4xx_hal_timebase_tim.c ****   * @file    stm32f4xx_hal_timebase_TIM.c 
   5:Src/stm32f4xx_hal_timebase_tim.c ****   * @brief   HAL time base based on the hardware TIM.
   6:Src/stm32f4xx_hal_timebase_tim.c ****   ******************************************************************************
   7:Src/stm32f4xx_hal_timebase_tim.c ****   * This notice applies to any and all portions of this file
   8:Src/stm32f4xx_hal_timebase_tim.c ****   * that are not between comment pairs USER CODE BEGIN and
   9:Src/stm32f4xx_hal_timebase_tim.c ****   * USER CODE END. Other portions of this file, whether 
  10:Src/stm32f4xx_hal_timebase_tim.c ****   * inserted by the user or by software development tools
  11:Src/stm32f4xx_hal_timebase_tim.c ****   * are owned by their respective copyright owners.
  12:Src/stm32f4xx_hal_timebase_tim.c ****   *
  13:Src/stm32f4xx_hal_timebase_tim.c ****   * Copyright (c) 2019 STMicroelectronics International N.V. 
  14:Src/stm32f4xx_hal_timebase_tim.c ****   * All rights reserved.
  15:Src/stm32f4xx_hal_timebase_tim.c ****   *
  16:Src/stm32f4xx_hal_timebase_tim.c ****   * Redistribution and use in source and binary forms, with or without 
  17:Src/stm32f4xx_hal_timebase_tim.c ****   * modification, are permitted, provided that the following conditions are met:
  18:Src/stm32f4xx_hal_timebase_tim.c ****   *
  19:Src/stm32f4xx_hal_timebase_tim.c ****   * 1. Redistribution of source code must retain the above copyright notice, 
  20:Src/stm32f4xx_hal_timebase_tim.c ****   *    this list of conditions and the following disclaimer.
  21:Src/stm32f4xx_hal_timebase_tim.c ****   * 2. Redistributions in binary form must reproduce the above copyright notice,
  22:Src/stm32f4xx_hal_timebase_tim.c ****   *    this list of conditions and the following disclaimer in the documentation
  23:Src/stm32f4xx_hal_timebase_tim.c ****   *    and/or other materials provided with the distribution.
  24:Src/stm32f4xx_hal_timebase_tim.c ****   * 3. Neither the name of STMicroelectronics nor the names of other 
  25:Src/stm32f4xx_hal_timebase_tim.c ****   *    contributors to this software may be used to endorse or promote products 
  26:Src/stm32f4xx_hal_timebase_tim.c ****   *    derived from this software without specific written permission.
  27:Src/stm32f4xx_hal_timebase_tim.c ****   * 4. This software, including modifications and/or derivative works of this 
  28:Src/stm32f4xx_hal_timebase_tim.c ****   *    software, must execute solely and exclusively on microcontroller or
  29:Src/stm32f4xx_hal_timebase_tim.c ****   *    microprocessor devices manufactured by or for STMicroelectronics.
ARM GAS  /var/folders/y1/yp9xw0cj42x3k9rxz_j1k75w0000gn/T//cch9ZN48.s 			page 2


  30:Src/stm32f4xx_hal_timebase_tim.c ****   * 5. Redistribution and use of this software other than as permitted under 
  31:Src/stm32f4xx_hal_timebase_tim.c ****   *    this license is void and will automatically terminate your rights under 
  32:Src/stm32f4xx_hal_timebase_tim.c ****   *    this license. 
  33:Src/stm32f4xx_hal_timebase_tim.c ****   *
  34:Src/stm32f4xx_hal_timebase_tim.c ****   * THIS SOFTWARE IS PROVIDED BY STMICROELECTRONICS AND CONTRIBUTORS "AS IS" 
  35:Src/stm32f4xx_hal_timebase_tim.c ****   * AND ANY EXPRESS, IMPLIED OR STATUTORY WARRANTIES, INCLUDING, BUT NOT 
  36:Src/stm32f4xx_hal_timebase_tim.c ****   * LIMITED TO, THE IMPLIED WARRANTIES OF MERCHANTABILITY, FITNESS FOR A 
  37:Src/stm32f4xx_hal_timebase_tim.c ****   * PARTICULAR PURPOSE AND NON-INFRINGEMENT OF THIRD PARTY INTELLECTUAL PROPERTY
  38:Src/stm32f4xx_hal_timebase_tim.c ****   * RIGHTS ARE DISCLAIMED TO THE FULLEST EXTENT PERMITTED BY LAW. IN NO EVENT 
  39:Src/stm32f4xx_hal_timebase_tim.c ****   * SHALL STMICROELECTRONICS OR CONTRIBUTORS BE LIABLE FOR ANY DIRECT, INDIRECT,
  40:Src/stm32f4xx_hal_timebase_tim.c ****   * INCIDENTAL, SPECIAL, EXEMPLARY, OR CONSEQUENTIAL DAMAGES (INCLUDING, BUT NOT
  41:Src/stm32f4xx_hal_timebase_tim.c ****   * LIMITED TO, PROCUREMENT OF SUBSTITUTE GOODS OR SERVICES; LOSS OF USE, DATA, 
  42:Src/stm32f4xx_hal_timebase_tim.c ****   * OR PROFITS; OR BUSINESS INTERRUPTION) HOWEVER CAUSED AND ON ANY THEORY OF 
  43:Src/stm32f4xx_hal_timebase_tim.c ****   * LIABILITY, WHETHER IN CONTRACT, STRICT LIABILITY, OR TORT (INCLUDING 
  44:Src/stm32f4xx_hal_timebase_tim.c ****   * NEGLIGENCE OR OTHERWISE) ARISING IN ANY WAY OUT OF THE USE OF THIS SOFTWARE,
  45:Src/stm32f4xx_hal_timebase_tim.c ****   * EVEN IF ADVISED OF THE POSSIBILITY OF SUCH DAMAGE.
  46:Src/stm32f4xx_hal_timebase_tim.c ****   *
  47:Src/stm32f4xx_hal_timebase_tim.c ****   ******************************************************************************
  48:Src/stm32f4xx_hal_timebase_tim.c ****   */
  49:Src/stm32f4xx_hal_timebase_tim.c **** /* USER CODE END Header */
  50:Src/stm32f4xx_hal_timebase_tim.c **** 
  51:Src/stm32f4xx_hal_timebase_tim.c **** /* Includes ------------------------------------------------------------------*/
  52:Src/stm32f4xx_hal_timebase_tim.c **** #include "stm32f4xx_hal.h"
  53:Src/stm32f4xx_hal_timebase_tim.c **** #include "stm32f4xx_hal_tim.h"
  54:Src/stm32f4xx_hal_timebase_tim.c ****  
  55:Src/stm32f4xx_hal_timebase_tim.c **** /* Private typedef -----------------------------------------------------------*/
  56:Src/stm32f4xx_hal_timebase_tim.c **** /* Private define ------------------------------------------------------------*/
  57:Src/stm32f4xx_hal_timebase_tim.c **** /* Private macro -------------------------------------------------------------*/
  58:Src/stm32f4xx_hal_timebase_tim.c **** /* Private variables ---------------------------------------------------------*/
  59:Src/stm32f4xx_hal_timebase_tim.c **** TIM_HandleTypeDef        htim14; 
  60:Src/stm32f4xx_hal_timebase_tim.c **** /* Private function prototypes -----------------------------------------------*/
  61:Src/stm32f4xx_hal_timebase_tim.c **** /* Private functions ---------------------------------------------------------*/
  62:Src/stm32f4xx_hal_timebase_tim.c **** 
  63:Src/stm32f4xx_hal_timebase_tim.c **** /**
  64:Src/stm32f4xx_hal_timebase_tim.c ****   * @brief  This function configures the TIM14 as a time base source. 
  65:Src/stm32f4xx_hal_timebase_tim.c ****   *         The time source is configured  to have 1ms time base with a dedicated 
  66:Src/stm32f4xx_hal_timebase_tim.c ****   *         Tick interrupt priority. 
  67:Src/stm32f4xx_hal_timebase_tim.c ****   * @note   This function is called  automatically at the beginning of program after
  68:Src/stm32f4xx_hal_timebase_tim.c ****   *         reset by HAL_Init() or at any time when clock is configured, by HAL_RCC_ClockConfig(). 
  69:Src/stm32f4xx_hal_timebase_tim.c ****   * @param  TickPriority: Tick interrupt priority.
  70:Src/stm32f4xx_hal_timebase_tim.c ****   * @retval HAL status
  71:Src/stm32f4xx_hal_timebase_tim.c ****   */
  72:Src/stm32f4xx_hal_timebase_tim.c **** HAL_StatusTypeDef HAL_InitTick(uint32_t TickPriority)
  73:Src/stm32f4xx_hal_timebase_tim.c **** {
  30              		.loc 1 73 1 view -0
  31              		.cfi_startproc
  32              		@ args = 0, pretend = 0, frame = 32
  33              		@ frame_needed = 0, uses_anonymous_args = 0
  34              		.loc 1 73 1 is_stmt 0 view .LVU1
  35 0000 10B5     		push	{r4, lr}
  36              	.LCFI0:
  37              		.cfi_def_cfa_offset 8
  38              		.cfi_offset 4, -8
  39              		.cfi_offset 14, -4
  40 0002 88B0     		sub	sp, sp, #32
  41              	.LCFI1:
  42              		.cfi_def_cfa_offset 40
ARM GAS  /var/folders/y1/yp9xw0cj42x3k9rxz_j1k75w0000gn/T//cch9ZN48.s 			page 3


  74:Src/stm32f4xx_hal_timebase_tim.c ****   RCC_ClkInitTypeDef    clkconfig;
  43              		.loc 1 74 3 is_stmt 1 view .LVU2
  75:Src/stm32f4xx_hal_timebase_tim.c ****   uint32_t              uwTimclock = 0;
  44              		.loc 1 75 3 view .LVU3
  45              	.LVL1:
  76:Src/stm32f4xx_hal_timebase_tim.c ****   uint32_t              uwPrescalerValue = 0;
  46              		.loc 1 76 3 view .LVU4
  77:Src/stm32f4xx_hal_timebase_tim.c ****   uint32_t              pFLatency;
  47              		.loc 1 77 3 view .LVU5
  78:Src/stm32f4xx_hal_timebase_tim.c ****   
  79:Src/stm32f4xx_hal_timebase_tim.c ****   /*Configure the TIM14 IRQ priority */
  80:Src/stm32f4xx_hal_timebase_tim.c ****   HAL_NVIC_SetPriority(TIM8_TRG_COM_TIM14_IRQn, TickPriority ,0); 
  48              		.loc 1 80 3 view .LVU6
  49 0004 0022     		movs	r2, #0
  50 0006 0146     		mov	r1, r0
  51 0008 2D20     		movs	r0, #45
  52              	.LVL2:
  53              		.loc 1 80 3 is_stmt 0 view .LVU7
  54 000a FFF7FEFF 		bl	HAL_NVIC_SetPriority
  55              	.LVL3:
  81:Src/stm32f4xx_hal_timebase_tim.c ****   
  82:Src/stm32f4xx_hal_timebase_tim.c ****   /* Enable the TIM14 global Interrupt */
  83:Src/stm32f4xx_hal_timebase_tim.c ****   HAL_NVIC_EnableIRQ(TIM8_TRG_COM_TIM14_IRQn); 
  56              		.loc 1 83 3 is_stmt 1 view .LVU8
  57 000e 2D20     		movs	r0, #45
  58 0010 FFF7FEFF 		bl	HAL_NVIC_EnableIRQ
  59              	.LVL4:
  84:Src/stm32f4xx_hal_timebase_tim.c ****   
  85:Src/stm32f4xx_hal_timebase_tim.c ****   /* Enable TIM14 clock */
  86:Src/stm32f4xx_hal_timebase_tim.c ****   __HAL_RCC_TIM14_CLK_ENABLE();
  60              		.loc 1 86 3 view .LVU9
  61              	.LBB2:
  62              		.loc 1 86 3 view .LVU10
  63 0014 0024     		movs	r4, #0
  64 0016 0194     		str	r4, [sp, #4]
  65              		.loc 1 86 3 view .LVU11
  66 0018 144B     		ldr	r3, .L6
  67 001a 1A6C     		ldr	r2, [r3, #64]
  68 001c 42F48072 		orr	r2, r2, #256
  69 0020 1A64     		str	r2, [r3, #64]
  70              		.loc 1 86 3 view .LVU12
  71 0022 1B6C     		ldr	r3, [r3, #64]
  72 0024 03F48073 		and	r3, r3, #256
  73 0028 0193     		str	r3, [sp, #4]
  74              		.loc 1 86 3 view .LVU13
  75 002a 019B     		ldr	r3, [sp, #4]
  76              	.LBE2:
  87:Src/stm32f4xx_hal_timebase_tim.c ****   
  88:Src/stm32f4xx_hal_timebase_tim.c ****   /* Get clock configuration */
  89:Src/stm32f4xx_hal_timebase_tim.c ****   HAL_RCC_GetClockConfig(&clkconfig, &pFLatency);
  77              		.loc 1 89 3 view .LVU14
  78 002c 02A9     		add	r1, sp, #8
  79 002e 03A8     		add	r0, sp, #12
  80 0030 FFF7FEFF 		bl	HAL_RCC_GetClockConfig
  81              	.LVL5:
  90:Src/stm32f4xx_hal_timebase_tim.c ****   
  91:Src/stm32f4xx_hal_timebase_tim.c ****   /* Compute TIM14 clock */
ARM GAS  /var/folders/y1/yp9xw0cj42x3k9rxz_j1k75w0000gn/T//cch9ZN48.s 			page 4


  92:Src/stm32f4xx_hal_timebase_tim.c ****   uwTimclock = 2*HAL_RCC_GetPCLK1Freq();
  82              		.loc 1 92 3 view .LVU15
  83              		.loc 1 92 18 is_stmt 0 view .LVU16
  84 0034 FFF7FEFF 		bl	HAL_RCC_GetPCLK1Freq
  85              	.LVL6:
  86              		.loc 1 92 14 view .LVU17
  87 0038 4300     		lsls	r3, r0, #1
  88              	.LVL7:
  93:Src/stm32f4xx_hal_timebase_tim.c ****    
  94:Src/stm32f4xx_hal_timebase_tim.c ****   /* Compute the prescaler value to have TIM14 counter clock equal to 1MHz */
  95:Src/stm32f4xx_hal_timebase_tim.c ****   uwPrescalerValue = (uint32_t) ((uwTimclock / 1000000) - 1);
  89              		.loc 1 95 3 is_stmt 1 view .LVU18
  90              		.loc 1 95 46 is_stmt 0 view .LVU19
  91 003a 0D48     		ldr	r0, .L6+4
  92 003c A0FB0323 		umull	r2, r3, r0, r3
  93              	.LVL8:
  94              		.loc 1 95 46 view .LVU20
  95 0040 9B0C     		lsrs	r3, r3, #18
  96              		.loc 1 95 20 view .LVU21
  97 0042 013B     		subs	r3, r3, #1
  98              	.LVL9:
  96:Src/stm32f4xx_hal_timebase_tim.c ****   
  97:Src/stm32f4xx_hal_timebase_tim.c ****   /* Initialize TIM14 */
  98:Src/stm32f4xx_hal_timebase_tim.c ****   htim14.Instance = TIM14;
  99              		.loc 1 98 3 is_stmt 1 view .LVU22
 100              		.loc 1 98 19 is_stmt 0 view .LVU23
 101 0044 0B48     		ldr	r0, .L6+8
 102 0046 0C4A     		ldr	r2, .L6+12
 103 0048 0260     		str	r2, [r0]
  99:Src/stm32f4xx_hal_timebase_tim.c ****   
 100:Src/stm32f4xx_hal_timebase_tim.c ****   /* Initialize TIMx peripheral as follow:
 101:Src/stm32f4xx_hal_timebase_tim.c ****   + Period = [(TIM14CLK/1000) - 1]. to have a (1/1000) s time base.
 102:Src/stm32f4xx_hal_timebase_tim.c ****   + Prescaler = (uwTimclock/1000000 - 1) to have a 1MHz counter clock.
 103:Src/stm32f4xx_hal_timebase_tim.c ****   + ClockDivision = 0
 104:Src/stm32f4xx_hal_timebase_tim.c ****   + Counter direction = Up
 105:Src/stm32f4xx_hal_timebase_tim.c ****   */
 106:Src/stm32f4xx_hal_timebase_tim.c ****   htim14.Init.Period = (1000000 / 1000) - 1;
 104              		.loc 1 106 3 is_stmt 1 view .LVU24
 105              		.loc 1 106 22 is_stmt 0 view .LVU25
 106 004a 40F2E732 		movw	r2, #999
 107 004e C260     		str	r2, [r0, #12]
 107:Src/stm32f4xx_hal_timebase_tim.c ****   htim14.Init.Prescaler = uwPrescalerValue;
 108              		.loc 1 107 3 is_stmt 1 view .LVU26
 109              		.loc 1 107 25 is_stmt 0 view .LVU27
 110 0050 4360     		str	r3, [r0, #4]
 108:Src/stm32f4xx_hal_timebase_tim.c ****   htim14.Init.ClockDivision = 0;
 111              		.loc 1 108 3 is_stmt 1 view .LVU28
 112              		.loc 1 108 29 is_stmt 0 view .LVU29
 113 0052 0461     		str	r4, [r0, #16]
 109:Src/stm32f4xx_hal_timebase_tim.c ****   htim14.Init.CounterMode = TIM_COUNTERMODE_UP;
 114              		.loc 1 109 3 is_stmt 1 view .LVU30
 115              		.loc 1 109 27 is_stmt 0 view .LVU31
 116 0054 8460     		str	r4, [r0, #8]
 110:Src/stm32f4xx_hal_timebase_tim.c ****   if(HAL_TIM_Base_Init(&htim14) == HAL_OK)
 117              		.loc 1 110 3 is_stmt 1 view .LVU32
 118              		.loc 1 110 6 is_stmt 0 view .LVU33
 119 0056 FFF7FEFF 		bl	HAL_TIM_Base_Init
ARM GAS  /var/folders/y1/yp9xw0cj42x3k9rxz_j1k75w0000gn/T//cch9ZN48.s 			page 5


 120              	.LVL10:
 121              		.loc 1 110 5 view .LVU34
 122 005a 10B1     		cbz	r0, .L5
 111:Src/stm32f4xx_hal_timebase_tim.c ****   {
 112:Src/stm32f4xx_hal_timebase_tim.c ****     /* Start the TIM time Base generation in interrupt mode */
 113:Src/stm32f4xx_hal_timebase_tim.c ****     return HAL_TIM_Base_Start_IT(&htim14);
 114:Src/stm32f4xx_hal_timebase_tim.c ****   }
 115:Src/stm32f4xx_hal_timebase_tim.c ****   
 116:Src/stm32f4xx_hal_timebase_tim.c ****   /* Return function status */
 117:Src/stm32f4xx_hal_timebase_tim.c ****   return HAL_ERROR;
 123              		.loc 1 117 10 view .LVU35
 124 005c 0120     		movs	r0, #1
 125              	.L2:
 118:Src/stm32f4xx_hal_timebase_tim.c **** }
 126              		.loc 1 118 1 view .LVU36
 127 005e 08B0     		add	sp, sp, #32
 128              	.LCFI2:
 129              		.cfi_remember_state
 130              		.cfi_def_cfa_offset 8
 131              		@ sp needed
 132 0060 10BD     		pop	{r4, pc}
 133              	.L5:
 134              	.LCFI3:
 135              		.cfi_restore_state
 113:Src/stm32f4xx_hal_timebase_tim.c ****   }
 136              		.loc 1 113 5 is_stmt 1 view .LVU37
 113:Src/stm32f4xx_hal_timebase_tim.c ****   }
 137              		.loc 1 113 12 is_stmt 0 view .LVU38
 138 0062 0448     		ldr	r0, .L6+8
 139 0064 FFF7FEFF 		bl	HAL_TIM_Base_Start_IT
 140              	.LVL11:
 141 0068 F9E7     		b	.L2
 142              	.L7:
 143 006a 00BF     		.align	2
 144              	.L6:
 145 006c 00380240 		.word	1073887232
 146 0070 83DE1B43 		.word	1125899907
 147 0074 00000000 		.word	htim14
 148 0078 00200040 		.word	1073750016
 149              		.cfi_endproc
 150              	.LFE126:
 152              		.section	.text.HAL_SuspendTick,"ax",%progbits
 153              		.align	1
 154              		.global	HAL_SuspendTick
 155              		.syntax unified
 156              		.thumb
 157              		.thumb_func
 158              		.fpu fpv4-sp-d16
 160              	HAL_SuspendTick:
 161              	.LFB127:
 119:Src/stm32f4xx_hal_timebase_tim.c **** 
 120:Src/stm32f4xx_hal_timebase_tim.c **** /**
 121:Src/stm32f4xx_hal_timebase_tim.c ****   * @brief  Suspend Tick increment.
 122:Src/stm32f4xx_hal_timebase_tim.c ****   * @note   Disable the tick increment by disabling TIM14 update interrupt.
 123:Src/stm32f4xx_hal_timebase_tim.c ****   * @param  None
 124:Src/stm32f4xx_hal_timebase_tim.c ****   * @retval None
 125:Src/stm32f4xx_hal_timebase_tim.c ****   */
ARM GAS  /var/folders/y1/yp9xw0cj42x3k9rxz_j1k75w0000gn/T//cch9ZN48.s 			page 6


 126:Src/stm32f4xx_hal_timebase_tim.c **** void HAL_SuspendTick(void)
 127:Src/stm32f4xx_hal_timebase_tim.c **** {
 162              		.loc 1 127 1 is_stmt 1 view -0
 163              		.cfi_startproc
 164              		@ args = 0, pretend = 0, frame = 0
 165              		@ frame_needed = 0, uses_anonymous_args = 0
 166              		@ link register save eliminated.
 128:Src/stm32f4xx_hal_timebase_tim.c ****   /* Disable TIM14 update Interrupt */
 129:Src/stm32f4xx_hal_timebase_tim.c ****   __HAL_TIM_DISABLE_IT(&htim14, TIM_IT_UPDATE);                                                  
 167              		.loc 1 129 3 view .LVU40
 168 0000 034B     		ldr	r3, .L9
 169 0002 1A68     		ldr	r2, [r3]
 170 0004 D368     		ldr	r3, [r2, #12]
 171 0006 23F00103 		bic	r3, r3, #1
 172 000a D360     		str	r3, [r2, #12]
 130:Src/stm32f4xx_hal_timebase_tim.c **** }
 173              		.loc 1 130 1 is_stmt 0 view .LVU41
 174 000c 7047     		bx	lr
 175              	.L10:
 176 000e 00BF     		.align	2
 177              	.L9:
 178 0010 00000000 		.word	htim14
 179              		.cfi_endproc
 180              	.LFE127:
 182              		.section	.text.HAL_ResumeTick,"ax",%progbits
 183              		.align	1
 184              		.global	HAL_ResumeTick
 185              		.syntax unified
 186              		.thumb
 187              		.thumb_func
 188              		.fpu fpv4-sp-d16
 190              	HAL_ResumeTick:
 191              	.LFB128:
 131:Src/stm32f4xx_hal_timebase_tim.c **** 
 132:Src/stm32f4xx_hal_timebase_tim.c **** /**
 133:Src/stm32f4xx_hal_timebase_tim.c ****   * @brief  Resume Tick increment.
 134:Src/stm32f4xx_hal_timebase_tim.c ****   * @note   Enable the tick increment by Enabling TIM14 update interrupt.
 135:Src/stm32f4xx_hal_timebase_tim.c ****   * @param  None
 136:Src/stm32f4xx_hal_timebase_tim.c ****   * @retval None
 137:Src/stm32f4xx_hal_timebase_tim.c ****   */
 138:Src/stm32f4xx_hal_timebase_tim.c **** void HAL_ResumeTick(void)
 139:Src/stm32f4xx_hal_timebase_tim.c **** {
 192              		.loc 1 139 1 is_stmt 1 view -0
 193              		.cfi_startproc
 194              		@ args = 0, pretend = 0, frame = 0
 195              		@ frame_needed = 0, uses_anonymous_args = 0
 196              		@ link register save eliminated.
 140:Src/stm32f4xx_hal_timebase_tim.c ****   /* Enable TIM14 Update interrupt */
 141:Src/stm32f4xx_hal_timebase_tim.c ****   __HAL_TIM_ENABLE_IT(&htim14, TIM_IT_UPDATE);
 197              		.loc 1 141 3 view .LVU43
 198 0000 034B     		ldr	r3, .L12
 199 0002 1A68     		ldr	r2, [r3]
 200 0004 D368     		ldr	r3, [r2, #12]
 201 0006 43F00103 		orr	r3, r3, #1
 202 000a D360     		str	r3, [r2, #12]
 142:Src/stm32f4xx_hal_timebase_tim.c **** }
 203              		.loc 1 142 1 is_stmt 0 view .LVU44
ARM GAS  /var/folders/y1/yp9xw0cj42x3k9rxz_j1k75w0000gn/T//cch9ZN48.s 			page 7


 204 000c 7047     		bx	lr
 205              	.L13:
 206 000e 00BF     		.align	2
 207              	.L12:
 208 0010 00000000 		.word	htim14
 209              		.cfi_endproc
 210              	.LFE128:
 212              		.comm	htim14,60,4
 213              		.text
 214              	.Letext0:
 215              		.file 2 "/usr/local/Cellar/arm-gcc-bin/8-2018-q4-major/arm-none-eabi/include/machine/_default_type
 216              		.file 3 "/usr/local/Cellar/arm-gcc-bin/8-2018-q4-major/arm-none-eabi/include/sys/_stdint.h"
 217              		.file 4 "Drivers/CMSIS/Include/core_cm4.h"
 218              		.file 5 "Drivers/CMSIS/Device/ST/STM32F4xx/Include/system_stm32f4xx.h"
 219              		.file 6 "Drivers/CMSIS/Device/ST/STM32F4xx/Include/stm32f407xx.h"
 220              		.file 7 "/usr/local/Cellar/arm-gcc-bin/8-2018-q4-major/arm-none-eabi/include/sys/lock.h"
 221              		.file 8 "/usr/local/Cellar/arm-gcc-bin/8-2018-q4-major/arm-none-eabi/include/sys/_types.h"
 222              		.file 9 "/usr/local/Cellar/arm-gcc-bin/8-2018-q4-major/lib/gcc/arm-none-eabi/8.2.1/include/stddef.
 223              		.file 10 "/usr/local/Cellar/arm-gcc-bin/8-2018-q4-major/arm-none-eabi/include/sys/reent.h"
 224              		.file 11 "Drivers/STM32F4xx_HAL_Driver/Inc/stm32f4xx_hal_def.h"
 225              		.file 12 "Drivers/STM32F4xx_HAL_Driver/Inc/stm32f4xx_hal_rcc.h"
 226              		.file 13 "Drivers/STM32F4xx_HAL_Driver/Inc/stm32f4xx_hal_dma.h"
 227              		.file 14 "Drivers/STM32F4xx_HAL_Driver/Inc/stm32f4xx_hal_tim.h"
 228              		.file 15 "Drivers/STM32F4xx_HAL_Driver/Inc/stm32f4xx_hal_cortex.h"
ARM GAS  /var/folders/y1/yp9xw0cj42x3k9rxz_j1k75w0000gn/T//cch9ZN48.s 			page 8


DEFINED SYMBOLS
                            *ABS*:0000000000000000 stm32f4xx_hal_timebase_tim.c
/var/folders/y1/yp9xw0cj42x3k9rxz_j1k75w0000gn/T//cch9ZN48.s:18     .text.HAL_InitTick:0000000000000000 $t
/var/folders/y1/yp9xw0cj42x3k9rxz_j1k75w0000gn/T//cch9ZN48.s:26     .text.HAL_InitTick:0000000000000000 HAL_InitTick
/var/folders/y1/yp9xw0cj42x3k9rxz_j1k75w0000gn/T//cch9ZN48.s:145    .text.HAL_InitTick:000000000000006c $d
                            *COM*:000000000000003c htim14
/var/folders/y1/yp9xw0cj42x3k9rxz_j1k75w0000gn/T//cch9ZN48.s:153    .text.HAL_SuspendTick:0000000000000000 $t
/var/folders/y1/yp9xw0cj42x3k9rxz_j1k75w0000gn/T//cch9ZN48.s:160    .text.HAL_SuspendTick:0000000000000000 HAL_SuspendTick
/var/folders/y1/yp9xw0cj42x3k9rxz_j1k75w0000gn/T//cch9ZN48.s:178    .text.HAL_SuspendTick:0000000000000010 $d
/var/folders/y1/yp9xw0cj42x3k9rxz_j1k75w0000gn/T//cch9ZN48.s:183    .text.HAL_ResumeTick:0000000000000000 $t
/var/folders/y1/yp9xw0cj42x3k9rxz_j1k75w0000gn/T//cch9ZN48.s:190    .text.HAL_ResumeTick:0000000000000000 HAL_ResumeTick
/var/folders/y1/yp9xw0cj42x3k9rxz_j1k75w0000gn/T//cch9ZN48.s:208    .text.HAL_ResumeTick:0000000000000010 $d

UNDEFINED SYMBOLS
HAL_NVIC_SetPriority
HAL_NVIC_EnableIRQ
HAL_RCC_GetClockConfig
HAL_RCC_GetPCLK1Freq
HAL_TIM_Base_Init
HAL_TIM_Base_Start_IT
